...
----------------------------------------------------------------------
Ran 3 tests in 0.046s

OK
..
----------------------------------------------------------------------
Ran 2 tests in 0.015s

OK
.
----------------------------------------------------------------------
Ran 1 test in 0.004s

OK
.
----------------------------------------------------------------------
Ran 1 test in 0.046s

OK
...
----------------------------------------------------------------------
Ran 3 tests in 0.026s

OK
.
----------------------------------------------------------------------
Ran 1 test in 0.045s

OK
.
----------------------------------------------------------------------
Ran 1 test in 0.014s

OK
.
----------------------------------------------------------------------
Ran 1 test in 0.025s

OK
.
----------------------------------------------------------------------
Ran 1 test in 0.001s

OK
.
----------------------------------------------------------------------
Ran 1 test in 0.000s

OK
...
----------------------------------------------------------------------
Ran 3 tests in 0.414s

OK
..............
----------------------------------------------------------------------
Ran 14 tests in 0.197s

OK
.
----------------------------------------------------------------------
Ran 1 test in 0.000s

OK
.
----------------------------------------------------------------------
Ran 1 test in 0.001s

OK
.
----------------------------------------------------------------------
Ran 1 test in 0.355s

OK
.
----------------------------------------------------------------------
Ran 1 test in 0.017s

OK
....
----------------------------------------------------------------------
Ran 4 tests in 0.019s

OK
.....
----------------------------------------------------------------------
Ran 5 tests in 0.239s

OK
Segmentation fault (core dumped)
.
----------------------------------------------------------------------
Ran 1 test in 0.000s

OK
.
----------------------------------------------------------------------
Ran 1 test in 0.009s

OK
Segmentation fault (core dumped)
.
----------------------------------------------------------------------
Ran 1 test in 0.254s

OK
..
----------------------------------------------------------------------
Ran 2 tests in 0.012s

OK
..
----------------------------------------------------------------------
Ran 2 tests in 0.049s

OK
.
----------------------------------------------------------------------
Ran 1 test in 0.001s

OK
.
----------------------------------------------------------------------
Ran 1 test in 0.001s

OK
...
----------------------------------------------------------------------
Ran 3 tests in 0.044s

OK
.
----------------------------------------------------------------------
Ran 1 test in 0.009s

OK
.
----------------------------------------------------------------------
Ran 1 test in 0.010s

OK
.
----------------------------------------------------------------------
Ran 1 test in 0.023s

OK
.
----------------------------------------------------------------------
Ran 1 test in 0.061s

OK
..
----------------------------------------------------------------------
Ran 2 tests in 0.070s

OK
.
----------------------------------------------------------------------
Ran 1 test in 0.011s

OK
	Selection is empty.
.......
----------------------------------------------------------------------
Ran 7 tests in 0.063s

OK
..
----------------------------------------------------------------------
Ran 2 tests in 0.000s

OK
.....Error: writing topology file 'output/test.arc'
.Error: writing topology file 'output/test.mol2'
.
----------------------------------------------------------------------
Ran 7 tests in 0.076s

OK
...
----------------------------------------------------------------------
Ran 3 tests in 0.023s

OK
.
----------------------------------------------------------------------
Ran 1 test in 0.040s

OK
..Exception ValueError: ValueError('index is out of range',) in 'pytraj._utils.get_positive_idx' ignored
......
----------------------------------------------------------------------
Ran 8 tests in 0.123s

OK
....
----------------------------------------------------------------------
Ran 4 tests in 0.010s

OK
.....
----------------------------------------------------------------------
Ran 5 tests in 0.109s

OK
.
----------------------------------------------------------------------
Ran 1 test in 0.004s

OK
.
----------------------------------------------------------------------
Ran 1 test in 0.001s

OK
...E..
======================================================================
ERROR: test_load (__main__.TestTrajout)
----------------------------------------------------------------------
Traceback (most recent call last):
  File "./test_Trajout.py", line 63, in test_load
    farray = FrameArray("./output/test_0.pdb", "./data/Tc5b.top")[0]
  File "pytraj/FrameArray.pyx", line 46, in pytraj.FrameArray.FrameArray.__cinit__ (/mnt/raidc2/haichit/Study/Cython/pytraj/pytraj/FrameArray.cpp:3105)
ValueError: There is not file having this name

----------------------------------------------------------------------
Ran 6 tests in 0.095s

FAILED (errors=1)
.
----------------------------------------------------------------------
Ran 1 test in 0.001s

OK
.
----------------------------------------------------------------------
Ran 1 test in 0.000s

OK
.
----------------------------------------------------------------------
Ran 1 test in 0.013s

OK
....
----------------------------------------------------------------------
Ran 4 tests in 0.096s

OK
.
----------------------------------------------------------------------
Ran 1 test in 0.028s

OK
.
----------------------------------------------------------------------
Ran 1 test in 0.011s

OK
..
----------------------------------------------------------------------
Ran 2 tests in 0.016s

OK
...
----------------------------------------------------------------------
Ran 3 tests in 0.645s

OK
.
----------------------------------------------------------------------
Ran 1 test in 0.017s

OK
.
----------------------------------------------------------------------
Ran 1 test in 0.011s

OK
.
----------------------------------------------------------------------
Ran 1 test in 0.033s

OK
.
----------------------------------------------------------------------
Ran 1 test in 0.010s

OK
.
----------------------------------------------------------------------
Ran 1 test in 0.011s

OK
.
----------------------------------------------------------------------
Ran 1 test in 0.023s

OK
.
----------------------------------------------------------------------
Ran 1 test in 0.015s

OK
.
----------------------------------------------------------------------
Ran 1 test in 0.000s

OK
...
----------------------------------------------------------------------
Ran 3 tests in 0.031s

OK
.
----------------------------------------------------------------------
Ran 1 test in 0.003s

OK
.
----------------------------------------------------------------------
Ran 1 test in 0.001s

OK
.
----------------------------------------------------------------------
Ran 1 test in 0.005s

OK
..
----------------------------------------------------------------------
Ran 2 tests in 0.021s

OK
.
----------------------------------------------------------------------
Ran 1 test in 0.011s

OK
.
----------------------------------------------------------------------
Ran 1 test in 0.000s

OK
..
----------------------------------------------------------------------
Ran 2 tests in 0.031s

OK
.
----------------------------------------------------------------------
Ran 1 test in 0.179s

OK
.
----------------------------------------------------------------------
Ran 1 test in 1.109s

OK
.
----------------------------------------------------------------------
Ran 1 test in 0.007s

OK
.
----------------------------------------------------------------------
Ran 1 test in 0.009s

OK
.........
----------------------------------------------------------------------
Ran 9 tests in 0.067s

OK
........
----------------------------------------------------------------------
Ran 8 tests in 0.122s

OK
..
----------------------------------------------------------------------
Ran 2 tests in 0.007s

OK
.
----------------------------------------------------------------------
Ran 1 test in 0.011s

OK
.
----------------------------------------------------------------------
Ran 1 test in 0.115s

OK
..
----------------------------------------------------------------------
Ran 2 tests in 0.061s

OK
.
----------------------------------------------------------------------
Ran 1 test in 0.008s

OK
..
----------------------------------------------------------------------
Ran 2 tests in 0.000s

OK
